#
# A fatal error has been detected by the Java Runtime Environment:
#
#  EXCEPTION_ACCESS_VIOLATION (0xc0000005) at pc=0x00007ffd19835017, pid=10236, tid=7340
#
# JRE version: Java(TM) SE Runtime Environment (18.0+36) (build 18+36-2087)
# Java VM: Java HotSpot(TM) 64-Bit Server VM (18+36-2087, mixed mode, sharing, tiered, compressed oops, compressed class ptrs, g1 gc, windows-amd64)
# Problematic frame:
# V  [jvm.dll+0x325017]
#
# No core dump will be written. Minidumps are not enabled by default on client versions of Windows
#
# If you would like to submit a bug report, please visit:
#   https://bugreport.java.com/bugreport/crash.jsp
#

---------------  S U M M A R Y ------------

Command Line: -Dmaven.multiModuleProjectDirectory=D:\Web\FullStack\files-api -Djansi.passthrough=true -Dmaven.home=C:\Users\TESSI Hardson\.m2\wrapper\dists\apache-maven-3.8.6-bin\1ks0nkde5v1pk9vtc31i9d0lcd\apache-maven-3.8.6 -Dclassworlds.conf=C:\Users\TESSI Hardson\.m2\wrapper\dists\apache-maven-3.8.6-bin\1ks0nkde5v1pk9vtc31i9d0lcd\apache-maven-3.8.6\bin\m2.conf -Dmaven.ext.class.path=C:\Program Files\JetBrains\IntelliJ IDEA 2021.1.3\plugins\maven\lib\maven-event-listener.jar -javaagent:C:\Program Files\JetBrains\IntelliJ IDEA 2021.1.3\lib\idea_rt.jar=51362:C:\Program Files\JetBrains\IntelliJ IDEA 2021.1.3\bin -Dfile.encoding=UTF-8 -Dsun.stdout.encoding=UTF-8 -Dsun.stderr.encoding=UTF-8 org.codehaus.classworlds.Launcher -Didea.version=2022.3.1 package

Host: Intel(R) Core(TM) i5 CPU       M 560  @ 2.67GHz, 4 cores, 7G,  Windows 10 , 64 bit Build 19041 (10.0.19041.2364)
Time: Sun Jan 29 00:41:37 2023 Paris, Madrid elapsed time: 24.418649 seconds (0d 0h 0m 24s)

---------------  T H R E A D  ---------------

Current thread (0x0000021208871260):  WorkerThread "GC Thread#0" [stack: 0x000000589d400000,0x000000589d500000] [id=7340]

Stack: [0x000000589d400000,0x000000589d500000],  sp=0x000000589d4ff3d0,  free space=1020k
Native frames: (J=compiled Java code, j=interpreted, Vv=VM code, C=native code)
V  [jvm.dll+0x325017]
V  [jvm.dll+0x32185e]
V  [jvm.dll+0x3354d4]
V  [jvm.dll+0x20d494]
V  [jvm.dll+0x20d375]
V  [jvm.dll+0x3217db]
V  [jvm.dll+0x20f848]
V  [jvm.dll+0x3362a0]
V  [jvm.dll+0x3360e5]
V  [jvm.dll+0x33e704]
V  [jvm.dll+0x33e87b]
V  [jvm.dll+0x81f2b4]
V  [jvm.dll+0x79fbba]
V  [jvm.dll+0x696ef5]
C  [ucrtbase.dll+0x21bb2]
C  [KERNEL32.DLL+0x17614]
C  [ntdll.dll+0x526a1]


siginfo: EXCEPTION_ACCESS_VIOLATION (0xc0000005), reading address 0x0000000000000004


Register to memory mapping:

RIP=0x00007ffd19835017 jvm.dll
RAX=0x0 is NULL
RBX=0x000002122ac76bb0 points into unknown readable memory: 0x00007ffd19e34610 | 10 46 e3 19 fd 7f 00 00
RCX=0x0000000000000014 is an unknown value
RDX=0x0 is NULL
RSP=0x000000589d4ff3d0 points into unknown readable memory: 0x0000000000000000 | 00 00 00 00 00 00 00 00
RBP=0x0000000000000842 is an unknown value
RSI=0x00000212088319f0 points into unknown readable memory: 0x0000000000000000 | 00 00 00 00 00 00 00 00
RDI=
[error occurred during error reporting (printing register info), id 0xc0000005, EXCEPTION_ACCESS_VIOLATION (0xc0000005) at pc=0x00007ffd197ffdb7]

Registers:
RAX=0x0000000000000000, RBX=0x000002122ac76bb0, RCX=0x0000000000000014, RDX=0x0000000000000000
RSP=0x000000589d4ff3d0, RBP=0x0000000000000842, RSI=0x00000212088319f0, RDI=0x0000000083538d8c
R8 =0x0000000083538cf0, R9 =0x00000000ffffffff, R10=0x0000000000000004, R11=0x0000000000000001
R12=0x0000021208825728, R13=0x00000000000003d8, R14=0x0000000000000040, R15=0x0000000000000000
RIP=0x00007ffd19835017, EFLAGS=0x0000000000010246

Top of Stack: (sp=0x000000589d4ff3d0)
0x000000589d4ff3d0:   0000000000000000 0000000000000001
0x000000589d4ff3e0:   0000000000000000 0000000000000011
0x000000589d4ff3f0:   000002122ad2f080 000002122bb61768
0x000000589d4ff400:   000002122ad2f080 0000000000000002
0x000000589d4ff410:   000002122ace8dc0 00007ffd1983185e
0x000000589d4ff420:   000002122bbb03e0 000002122ac76bb0
0x000000589d4ff430:   000002122bb61768 00000000000003d8
0x000000589d4ff440:   000000000e763f6e 0000000f00259961
0x000000589d4ff450:   0000000000000002 000002122ace8dc0
0x000000589d4ff460:   000002122bb61768 00007ffd198454d4
0x000000589d4ff470:   0000000000000000 0000000000000001
0x000000589d4ff480:   0000021200000000 0000003cc30dee11
0x000000589d4ff490:   000002122ad2f080 00007ffd1971d494
0x000000589d4ff4a0:   0000000000000000 00007ffd19cb3a8d
0x000000589d4ff4b0:   000002122ace8d01 00007ffd19ba17df
0x000000589d4ff4c0:   000002122bb61640 00007ffd1971d375 

Instructions: (pc=0x00007ffd19835017)
0x00007ffd19834f17:   e9 e4 fd ff ff 48 8d 57 fe 48 8b cb e8 48 f4 ff
0x00007ffd19834f27:   ff e9 d3 fd ff ff 0f 1f 00 48 8b 73 10 8b ae 80
0x00007ffd19834f37:   00 00 00 8b cd 8b 86 00 01 00 00 2b c8 81 e1 ff
0x00007ffd19834f47:   ff 01 00 41 3b ce 0f 86 49 02 00 00 ff cd 81 e5
0x00007ffd19834f57:   ff ff 01 00 89 ae 80 00 00 00 e8 2a 45 36 00 48
0x00007ffd19834f67:   8b 86 80 01 00 00 8b cd 8b d5 48 8b 3c e8 8b 86
0x00007ffd19834f77:   00 01 00 00 2b c8 81 e1 ff ff 01 00 81 f9 ff ff
0x00007ffd19834f87:   01 00 41 0f 44 cf 85 c9 75 3c 48 8b 86 00 01 00
0x00007ffd19834f97:   00 48 8b c8 89 6c 24 50 48 c1 e9 20 ff c1 89 4c
0x00007ffd19834fa7:   24 54 3b e8 0f 85 d9 01 00 00 48 c1 e1 20 48 0b
0x00007ffd19834fb7:   ca f0 48 0f b1 8e 00 01 00 00 0f 85 c3 01 00 00
0x00007ffd19834fc7:   8b 86 00 01 00 00 40 f6 c7 01 0f 84 a7 00 00 00
0x00007ffd19834fd7:   8b 0d b3 a9 79 00 48 ff cf 48 8b 43 08 44 8b 17
0x00007ffd19834fe7:   49 d3 e2 8b 88 20 06 00 00 48 8b 80 10 06 00 00
0x00007ffd19834ff7:   4c 03 15 8a a9 79 00 49 8b d2 48 d3 ea 0f b7 14
0x00007ffd19835007:   50 0f b7 c2 66 c1 e8 08 84 c0 0f 88 19 ff ff ff
0x00007ffd19835017:   4d 8b 02 41 0f b6 c0 24 03 3c 03 75 06 49 83 e0
0x00007ffd19835027:   fc eb 11 4d 8b c8 48 8b cb 4d 8b c2 e8 28 ee ff
0x00007ffd19835037:   ff 4c 8b c0 8b 0d 4f a9 79 00 49 8b d0 48 2b 15
0x00007ffd19835047:   3d a9 79 00 48 d3 ea 89 17 49 8b d0 8b 0d e7 f3
0x00007ffd19835057:   80 00 48 33 d7 48 d3 ea 48 85 d2 0f 84 c8 fe ff
0x00007ffd19835067:   ff 48 8b 43 08 8b 88 20 06 00 00 4c 8b 88 10 06
0x00007ffd19835077:   00 00 e9 87 00 00 00 40 f6 c7 03 0f 85 f1 00 00
0x00007ffd19835087:   00 48 8b 43 08 4c 8b 17 49 8b d2 8b 88 20 06 00
0x00007ffd19835097:   00 48 8b 80 10 06 00 00 48 d3 ea 0f b7 14 50 0f
0x00007ffd198350a7:   b7 c2 66 c1 e8 08 84 c0 0f 88 7b fe ff ff 4d 8b
0x00007ffd198350b7:   02 41 0f b6 c0 24 03 3c 03 75 06 49 83 e0 fc eb
0x00007ffd198350c7:   11 4d 8b c8 48 8b cb 4d 8b c2 e8 8a ed ff ff 4c
0x00007ffd198350d7:   8b c0 49 8b d0 4c 89 07 8b 0d 5b f3 80 00 48 33
0x00007ffd198350e7:   d7 48 d3 ea 48 85 d2 0f 84 3c fe ff ff 48 8b 53
0x00007ffd198350f7:   08 8b 8a 20 06 00 00 4c 8b 8a 10 06 00 00 48 8b
0x00007ffd19835107:   c7 48 d3 e8 41 0f b7 14 41 66 c1 ea 08 80 fa fe 


Stack slot to memory mapping:
stack at sp + 0 slots: 0x0 is NULL
stack at sp + 1 slots: 0x0000000000000001 is an unknown value
stack at sp + 2 slots: 0x0 is NULL
stack at sp + 3 slots: 0x0000000000000011 is an unknown value
stack at sp + 4 slots: 0x000002122ad2f080 points into unknown readable memory: 0x000000008351e5e8 | e8 e5 51 83 00 00 00 00
stack at sp + 5 slots: 0x000002122bb61768 points into unknown readable memory: 0x00007ffd19e36130 | 30 61 e3 19 fd 7f 00 00
stack at sp + 6 slots: 0x000002122ad2f080 points into unknown readable memory: 0x000000008351e5e8 | e8 e5 51 83 00 00 00 00
stack at sp + 7 slots: 0x0000000000000002 is an unknown value


---------------  P R O C E S S  ---------------

Threads class SMR info:
_java_thread_list=0x000002122ac308d0, length=13, elements={
0x00000212088128d0, 0x000002122611d8c0, 0x000002122611e430, 0x0000021226137370,
0x0000021226137c20, 0x0000021226138c70, 0x0000021226139660, 0x000002122613d2d0,
0x0000021226142870, 0x000002122614a980, 0x000002122610cd50, 0x000002122a518ec0,
0x000002122a519380
}

Java Threads: ( => current thread )
  0x00000212088128d0 JavaThread "main" [_thread_blocked, id=12972, stack(0x000000589d300000,0x000000589d400000)]
  0x000002122611d8c0 JavaThread "Reference Handler" daemon [_thread_blocked, id=7268, stack(0x000000589da00000,0x000000589db00000)]
  0x000002122611e430 JavaThread "Finalizer" daemon [_thread_blocked, id=3760, stack(0x000000589db00000,0x000000589dc00000)]
  0x0000021226137370 JavaThread "Signal Dispatcher" daemon [_thread_blocked, id=5892, stack(0x000000589dc00000,0x000000589dd00000)]
  0x0000021226137c20 JavaThread "Attach Listener" daemon [_thread_blocked, id=12900, stack(0x000000589dd00000,0x000000589de00000)]
  0x0000021226138c70 JavaThread "Service Thread" daemon [_thread_blocked, id=7748, stack(0x000000589de00000,0x000000589df00000)]
  0x0000021226139660 JavaThread "Monitor Deflation Thread" daemon [_thread_blocked, id=6048, stack(0x000000589df00000,0x000000589e000000)]
  0x000002122613d2d0 JavaThread "C2 CompilerThread0" daemon [_thread_blocked, id=8832, stack(0x000000589e000000,0x000000589e100000)]
  0x0000021226142870 JavaThread "C1 CompilerThread0" daemon [_thread_blocked, id=12240, stack(0x000000589e100000,0x000000589e200000)]
  0x000002122614a980 JavaThread "Sweeper thread" daemon [_thread_blocked, id=1860, stack(0x000000589e200000,0x000000589e300000)]
  0x000002122610cd50 JavaThread "Common-Cleaner" daemon [_thread_blocked, id=1796, stack(0x000000589e300000,0x000000589e400000)]
  0x000002122a518ec0 JavaThread "Monitor Ctrl-Break" daemon [_thread_in_native, id=10628, stack(0x000000589e400000,0x000000589e500000)]
  0x000002122a519380 JavaThread "Notification Thread" daemon [_thread_blocked, id=3224, stack(0x000000589e500000,0x000000589e600000)]

Other Threads:
  0x000002122611a210 VMThread "VM Thread" [stack: 0x000000589d900000,0x000000589da00000] [id=12220]
  0x0000021208813680 WatcherThread "VM Periodic Task Thread" [stack: 0x000000589e600000,0x000000589e700000] [id=1672]
=>0x0000021208871260 WorkerThread "GC Thread#0" [stack: 0x000000589d400000,0x000000589d500000] [id=7340]
  0x000002122ae988d0 WorkerThread "GC Thread#1" [stack: 0x000000589e700000,0x000000589e800000] [id=2708]
  0x000002122ad876d0 WorkerThread "GC Thread#2" [stack: 0x000000589e800000,0x000000589e900000] [id=7568]
  0x000002122ab48900 WorkerThread "GC Thread#3" [stack: 0x000000589e900000,0x000000589ea00000] [id=13212]
  0x0000021208882e70 ConcurrentGCThread "G1 Main Marker" [stack: 0x000000589d500000,0x000000589d600000] [id=616]
  0x0000021208883f80 WorkerThread "G1 Conc#0" [stack: 0x000000589d600000,0x000000589d700000] [id=11744]
  0x00000212088c3700 ConcurrentGCThread "G1 Refine#0" [stack: 0x000000589d700000,0x000000589d800000] [id=11820]
  0x000002122ad87970 ConcurrentGCThread "G1 Refine#1" [stack: 0x000000589ea00000,0x000000589eb00000] [id=4964]
  0x00000212088c3f20 ConcurrentGCThread "G1 Service" [stack: 0x000000589d800000,0x000000589d900000] [id=10552]

Threads with active compile tasks:

VM state: at safepoint (normal execution)

VM Mutex/Monitor currently owned by a thread:  ([mutex/lock_event])
[0x000002120880f250] Threads_lock - owner thread: 0x000002122611a210
[0x000002120880eb90] Heap_lock - owner thread: 0x00000212088128d0

Heap address: 0x0000000081200000, size: 2030 MB, Compressed Oops mode: 32-bit

CDS archive(s) mapped at: [0x0000000800000000-0x0000000800ba0000-0x0000000800ba0000), size 12189696, SharedBaseAddress: 0x0000000800000000, ArchiveRelocationMode: 0.
Compressed class space mapped at: 0x0000000800c00000-0x0000000840c00000, reserved size: 1073741824
Narrow klass base: 0x0000000800000000, Narrow klass shift: 0, Narrow klass range: 0x100000000

GC Precious Log:
 CardTable entry size: 512
 Card Set container configuration: InlinePtr #cards 5 size 8 Array Of Cards #cards 12 size 40 Howl #buckets 4 coarsen threshold 1843 Howl Bitmap #cards 512 size 80 coarsen threshold 460 Card regions per heap region 1 cards per card region 2048
 CPUs: 4 total, 4 available
 Memory: 8117M
 Large Page Support: Disabled
 NUMA Support: Disabled
 Compressed Oops: Enabled (32-bit)
 Heap Region Size: 1M
 Heap Min Capacity: 8M
 Heap Initial Capacity: 128M
 Heap Max Capacity: 2030M
 Pre-touch: Disabled
 Parallel Workers: 4
 Concurrent Workers: 1
 Concurrent Refinement Workers: 4
 Periodic GC: Disabled

Heap:
 garbage-first heap   total 67584K, used 49001K [0x0000000081200000, 0x0000000100000000)
  region size 1024K, 16 young (16384K), 3 survivors (3072K)
 Metaspace       used 27933K, committed 28416K, reserved 1114112K
  class space    used 3072K, committed 3328K, reserved 1048576K

Heap Regions: E=young(eden), S=young(survivor), O=old, HS=humongous(starts), HC=humongous(continues), CS=collection set, F=free, OA=open archive, CA=closed archive, TAMS=top-at-mark-start (previous, next)
|   0|0x0000000081200000, 0x0000000081300000, 0x0000000081300000|100%| O|  |TAMS 0x0000000081300000, 0x0000000081300000| Untracked 
|   1|0x0000000081300000, 0x0000000081400000, 0x0000000081400000|100%| O|  |TAMS 0x0000000081400000, 0x0000000081400000| Untracked 
|   2|0x0000000081400000, 0x0000000081500000, 0x0000000081500000|100%| O|  |TAMS 0x0000000081500000, 0x0000000081500000| Untracked 
|   3|0x0000000081500000, 0x0000000081600000, 0x0000000081600000|100%| O|  |TAMS 0x0000000081600000, 0x0000000081600000| Untracked 
|   4|0x0000000081600000, 0x0000000081700000, 0x0000000081700000|100%|HS|  |TAMS 0x0000000081700000, 0x0000000081700000| Complete 
|   5|0x0000000081700000, 0x0000000081800000, 0x0000000081800000|100%|HS|  |TAMS 0x0000000081800000, 0x0000000081800000| Complete 
|   6|0x0000000081800000, 0x0000000081900000, 0x0000000081900000|100%| O|  |TAMS 0x0000000081900000, 0x0000000081900000| Untracked 
|   7|0x0000000081900000, 0x0000000081a00000, 0x0000000081a00000|100%| O|  |TAMS 0x0000000081a00000, 0x0000000081a00000| Untracked 
|   8|0x0000000081a00000, 0x0000000081b00000, 0x0000000081b00000|100%| O|  |TAMS 0x0000000081b00000, 0x0000000081b00000| Untracked 
|   9|0x0000000081b00000, 0x0000000081c00000, 0x0000000081c00000|100%| O|  |TAMS 0x0000000081c00000, 0x0000000081c00000| Untracked 
|  10|0x0000000081c00000, 0x0000000081d00000, 0x0000000081d00000|100%| O|  |TAMS 0x0000000081d00000, 0x0000000081d00000| Untracked 
|  11|0x0000000081d00000, 0x0000000081e00000, 0x0000000081e00000|100%| O|  |TAMS 0x0000000081e00000, 0x0000000081e00000| Untracked 
|  12|0x0000000081e00000, 0x0000000081f00000, 0x0000000081f00000|100%| O|  |TAMS 0x0000000081f00000, 0x0000000081f00000| Untracked 
|  13|0x0000000081f00000, 0x0000000081f80000, 0x0000000082000000| 50%| O|  |TAMS 0x0000000081f80000, 0x0000000081f80000| Untracked 
|  14|0x0000000082000000, 0x0000000082100000, 0x0000000082100000|100%|HS|  |TAMS 0x0000000082000000, 0x0000000082100000| Complete 
|  15|0x0000000082100000, 0x0000000082200000, 0x0000000082200000|100%| O|  |TAMS 0x0000000082200000, 0x0000000082200000| Untracked 
|  16|0x0000000082200000, 0x0000000082300000, 0x0000000082300000|100%| O|  |TAMS 0x0000000082300000, 0x0000000082300000| Untracked 
|  17|0x0000000082300000, 0x0000000082400000, 0x0000000082400000|100%| O|  |TAMS 0x0000000082400000, 0x0000000082400000| Untracked 
|  18|0x0000000082400000, 0x0000000082500000, 0x0000000082500000|100%| O|  |TAMS 0x0000000082500000, 0x0000000082500000| Untracked 
|  19|0x0000000082500000, 0x0000000082600000, 0x0000000082600000|100%| O|  |TAMS 0x0000000082600000, 0x0000000082600000| Untracked 
|  20|0x0000000082600000, 0x0000000082600000, 0x0000000082700000|  0%| F|  |TAMS 0x0000000082600000, 0x0000000082600000| Untracked 
|  21|0x0000000082700000, 0x0000000082700000, 0x0000000082800000|  0%| F|  |TAMS 0x0000000082700000, 0x0000000082700000| Untracked 
|  22|0x0000000082800000, 0x0000000082800000, 0x0000000082900000|  0%| F|  |TAMS 0x0000000082800000, 0x0000000082800000| Untracked 
|  23|0x0000000082900000, 0x0000000082900000, 0x0000000082a00000|  0%| F|  |TAMS 0x0000000082900000, 0x0000000082900000| Untracked 
|  24|0x0000000082a00000, 0x0000000082a00000, 0x0000000082b00000|  0%| F|  |TAMS 0x0000000082a00000, 0x0000000082a00000| Untracked 
|  25|0x0000000082b00000, 0x0000000082b00000, 0x0000000082c00000|  0%| F|  |TAMS 0x0000000082b00000, 0x0000000082b00000| Untracked 
|  26|0x0000000082c00000, 0x0000000082c00000, 0x0000000082d00000|  0%| F|  |TAMS 0x0000000082c00000, 0x0000000082c00000| Untracked 
|  27|0x0000000082d00000, 0x0000000082d00000, 0x0000000082e00000|  0%| F|  |TAMS 0x0000000082d00000, 0x0000000082d00000| Untracked 
|  28|0x0000000082e00000, 0x0000000082e00000, 0x0000000082f00000|  0%| F|  |TAMS 0x0000000082e00000, 0x0000000082e00000| Untracked 
|  29|0x0000000082f00000, 0x0000000082f00000, 0x0000000083000000|  0%| F|  |TAMS 0x0000000082f00000, 0x0000000082f00000| Untracked 
|  30|0x0000000083000000, 0x0000000083000000, 0x0000000083100000|  0%| F|  |TAMS 0x0000000083000000, 0x0000000083000000| Untracked 
|  31|0x0000000083100000, 0x0000000083100000, 0x0000000083200000|  0%| F|  |TAMS 0x0000000083100000, 0x0000000083100000| Untracked 
|  32|0x0000000083200000, 0x0000000083200000, 0x0000000083300000|  0%| F|  |TAMS 0x0000000083200000, 0x0000000083200000| Untracked 
|  33|0x0000000083300000, 0x00000000833719e0, 0x0000000083400000| 44%| S|  |TAMS 0x0000000083300000, 0x0000000083300000| Complete 
|  34|0x0000000083400000, 0x0000000083500000, 0x0000000083500000|100%| S|  |TAMS 0x0000000083400000, 0x0000000083400000| Complete 
|  35|0x0000000083500000, 0x0000000083600000, 0x0000000083600000|100%| S|  |TAMS 0x0000000083500000, 0x0000000083500000| Complete 
|  36|0x0000000083600000, 0x0000000083700000, 0x0000000083700000|100%| E|CS|TAMS 0x0000000083600000, 0x0000000083700000| Complete 
|  37|0x0000000083700000, 0x0000000083800000, 0x0000000083800000|100%| O|  |TAMS 0x0000000083800000, 0x0000000083800000| Untracked 
|  38|0x0000000083800000, 0x0000000083900000, 0x0000000083900000|100%| O|  |TAMS 0x0000000083900000, 0x0000000083900000| Untracked 
|  39|0x0000000083900000, 0x0000000083a00000, 0x0000000083a00000|100%| O|  |TAMS 0x0000000083a00000, 0x0000000083a00000| Untracked 
|  40|0x0000000083a00000, 0x0000000083b00000, 0x0000000083b00000|100%| O|  |TAMS 0x0000000083b00000, 0x0000000083b00000| Untracked 
|  41|0x0000000083b00000, 0x0000000083c00000, 0x0000000083c00000|100%| O|  |TAMS 0x0000000083c00000, 0x0000000083c00000| Untracked 
|  42|0x0000000083c00000, 0x0000000083d00000, 0x0000000083d00000|100%| O|  |TAMS 0x0000000083d00000, 0x0000000083d00000| Untracked 
|  43|0x0000000083d00000, 0x0000000083e00000, 0x0000000083e00000|100%| E|CS|TAMS 0x0000000083d00000, 0x0000000083e00000| Complete 
|  44|0x0000000083e00000, 0x0000000083e4a228, 0x0000000083f00000| 28%| E|CS|TAMS 0x0000000083e00000, 0x0000000083e4a228| Complete 
|  45|0x0000000083f00000, 0x0000000084000000, 0x0000000084000000|100%| E|CS|TAMS 0x0000000083f00000, 0x0000000084000000| Complete 
|  46|0x0000000084000000, 0x0000000084100000, 0x0000000084100000|100%| E|CS|TAMS 0x0000000084000000, 0x0000000084100000| Complete 
|  47|0x0000000084100000, 0x0000000084200000, 0x0000000084200000|100%| E|CS|TAMS 0x0000000084100000, 0x0000000084200000| Complete 
|  48|0x0000000084200000, 0x0000000084300000, 0x0000000084300000|100%| E|CS|TAMS 0x0000000084200000, 0x0000000084300000| Complete 
|  49|0x0000000084300000, 0x0000000084400000, 0x0000000084400000|100%| E|CS|TAMS 0x0000000084300000, 0x0000000084400000| Complete 
|  50|0x0000000084400000, 0x0000000084500000, 0x0000000084500000|100%| E|CS|TAMS 0x0000000084400000, 0x0000000084500000| Complete 
|  51|0x0000000084500000, 0x0000000084600000, 0x0000000084600000|100%| E|CS|TAMS 0x0000000084500000, 0x0000000084600000| Complete 
|  52|0x0000000084600000, 0x0000000084700000, 0x0000000084700000|100%| O|  |TAMS 0x0000000084700000, 0x0000000084700000| Untracked 
|  53|0x0000000084700000, 0x0000000084800000, 0x0000000084800000|100%| O|  |TAMS 0x0000000084800000, 0x0000000084800000| Untracked 
|  54|0x0000000084800000, 0x0000000084810400, 0x0000000084900000|  6%| O|  |TAMS 0x0000000084810400, 0x0000000084810400| Untracked 
|  79|0x0000000086100000, 0x0000000086200000, 0x0000000086200000|100%| E|CS|TAMS 0x0000000086100000, 0x0000000086200000| Complete 
|  80|0x0000000086200000, 0x0000000086300000, 0x0000000086300000|100%| E|CS|TAMS 0x0000000086200000, 0x0000000086300000| Complete 
|  81|0x0000000086300000, 0x0000000086400000, 0x0000000086400000|100%| E|CS|TAMS 0x0000000086300000, 0x0000000086400000| Complete 
|  82|0x0000000086400000, 0x0000000086500000, 0x0000000086500000|100%| E|CS|TAMS 0x0000000086400000, 0x0000000086500000| Complete 
| 127|0x0000000089100000, 0x0000000089200000, 0x0000000089200000|100%| E|CS|TAMS 0x0000000089100000, 0x0000000089200000| Complete 
|2024|0x00000000ffa00000, 0x00000000ffb00000, 0x00000000ffb00000|100%| O|  |TAMS 0x00000000ffb00000, 0x00000000ffb00000| Untracked 
|2025|0x00000000ffb00000, 0x00000000ffc00000, 0x00000000ffc00000|100%| O|  |TAMS 0x00000000ffc00000, 0x00000000ffc00000| Untracked 
|2026|0x00000000ffc00000, 0x00000000ffd00000, 0x00000000ffd00000|100%| O|  |TAMS 0x00000000ffd00000, 0x00000000ffd00000| Untracked 
|2027|0x00000000ffd00000, 0x00000000ffe00000, 0x00000000ffe00000|100%| O|  |TAMS 0x00000000ffe00000, 0x00000000ffe00000| Untracked 
|2028|0x00000000ffe00000, 0x00000000fff00000, 0x00000000fff00000|100%| O|  |TAMS 0x00000000fff00000, 0x00000000fff00000| Untracked 
|2029|0x00000000fff00000, 0x0000000100000000, 0x0000000100000000|100%| O|  |TAMS 0x0000000100000000, 0x0000000100000000| Untracked 

Card table byte_map: [0x000002121f540000,0x000002121f940000] _byte_map_base: 0x000002121f137000

Marking Bits (Prev, Next): (CMBitMap*) 0x00000212088727c0, (CMBitMap*) 0x0000021208872780
 Prev Bits: [0x0000021221d00000, 0x0000021223cb8000)
 Next Bits: [0x000002121fd40000, 0x0000021221cf8000)

Polling page: 0x0000021206760000

Metaspace:

Usage:
  Non-class:     24.28 MB used.
      Class:      3.00 MB used.
       Both:     27.28 MB used.

Virtual space:
  Non-class space:       64.00 MB reserved,      24.50 MB ( 38%) committed,  1 nodes.
      Class space:        1.00 GB reserved,       3.25 MB ( <1%) committed,  1 nodes.
             Both:        1.06 GB reserved,      27.75 MB (  3%) committed. 

Chunk freelists:
   Non-Class:  2.58 MB
       Class:  656.00 KB
        Both:  3.22 MB

MaxMetaspaceSize: unlimited
CompressedClassSpaceSize: 1.00 GB
Initial GC threshold: 21.00 MB
Current GC threshold: 45.12 MB
CDS: on
MetaspaceReclaimPolicy: balanced
 - commit_granule_bytes: 65536.
 - commit_granule_words: 8192.
 - virtual_space_node_default_size: 8388608.
 - enlarge_chunks_in_place: 1.
 - new_chunks_are_fully_committed: 0.
 - uncommit_free_chunks: 1.
 - use_allocation_guard: 0.


Internal statistics:

num_allocs_failed_limit: 3.
num_arena_births: 510.
num_arena_deaths: 0.
num_vsnodes_births: 2.
num_vsnodes_deaths: 0.
num_space_committed: 444.
num_space_uncommitted: 0.
num_chunks_returned_to_freelist: 3.
num_chunks_taken_from_freelist: 1534.
num_chunk_merges: 3.
num_chunk_splits: 1077.
num_chunks_enlarged: 775.
num_inconsistent_stats: 0.

CodeHeap 'non-profiled nmethods': size=120000Kb used=3123Kb max_used=3123Kb free=116876Kb
 bounds [0x0000021217c10000, 0x0000021217f20000, 0x000002121f140000]
CodeHeap 'profiled nmethods': size=120000Kb used=12421Kb max_used=12421Kb free=107578Kb
 bounds [0x00000212106e0000, 0x0000021211310000, 0x0000021217c10000]
CodeHeap 'non-nmethods': size=5760Kb used=1225Kb max_used=1271Kb free=4534Kb
 bounds [0x0000021210140000, 0x00000212103b0000, 0x00000212106e0000]
 total_blobs=6365 nmethods=5843 adapters=433
 compilation: enabled
              stopped_count=0, restarted_count=0
 full_count=0

Compilation events (20 events):
Event: 24.050 Thread 0x000002122a4e1c40 nmethod 6701 0x0000021217f16410 code [0x0000021217f165a0, 0x0000021217f16688]
Event: 24.061 Thread 0x000002122613d2d0 nmethod 6696 0x0000021217f16790 code [0x0000021217f16a80, 0x0000021217f19f30]
Event: 24.069 Thread 0x0000021226142870 6702       3       java.util.jar.Manifest::read (415 bytes)
Event: 24.072 Thread 0x0000021226142870 nmethod 6702 0x00000212112f5a10 code [0x00000212112f5f20, 0x00000212112f86d8]
Event: 24.080 Thread 0x000002122613d2d0 6703       4       sun.nio.fs.NativeBuffers::getNativeBufferFromCache (51 bytes)
Event: 24.080 Thread 0x000002122a4e1c40 6704       4       sun.nio.fs.NativeBuffers::releaseNativeBuffer (97 bytes)
Event: 24.087 Thread 0x000002122613d2d0 nmethod 6703 0x0000021217f1bf10 code [0x0000021217f1c0c0, 0x0000021217f1c378]
Event: 24.088 Thread 0x000002122a4e1c40 nmethod 6704 0x0000021217f1c690 code [0x0000021217f1c840, 0x0000021217f1cad8]
Event: 24.096 Thread 0x0000021226142870 6705   !   3       java.util.zip.ZipFile$Source::release (50 bytes)
Event: 24.096 Thread 0x0000021226142870 nmethod 6705 0x00000212112f9710 code [0x00000212112f98e0, 0x00000212112f9c58]
Event: 24.223 Thread 0x0000021226142870 6706       3       java.util.jar.Manifest::<init> (38 bytes)
Event: 24.225 Thread 0x0000021226142870 nmethod 6706 0x00000212112f9e10 code [0x00000212112fa040, 0x00000212112fa838]
Event: 24.246 Thread 0x0000021226142870 6708       3       sun.nio.fs.WindowsPath::endsWith (151 bytes)
Event: 24.248 Thread 0x0000021226142870 nmethod 6708 0x00000212112fab10 code [0x00000212112fae00, 0x00000212112fbf08]
Event: 24.249 Thread 0x0000021226142870 6707       3       java.nio.file.Path::endsWith (21 bytes)
Event: 24.249 Thread 0x0000021226142870 nmethod 6707 0x00000212112fc510 code [0x00000212112fc6e0, 0x00000212112fcb08]
Event: 24.249 Thread 0x0000021226142870 6709   !   3       sun.nio.fs.WindowsLinkSupport::getRealPath (500 bytes)
Event: 24.261 Thread 0x0000021226142870 nmethod 6709 0x00000212112fcc10 code [0x00000212112fd400, 0x00000212113016f8]
Event: 24.261 Thread 0x0000021226142870 6710       3       java.util.zip.ZipFile$Source::close (50 bytes)
Event: 24.261 Thread 0x0000021226142870 nmethod 6710 0x0000021211303290 code [0x0000021211303440, 0x0000021211303708]

GC Heap History (20 events):
Event: 1.744 GC heap after
{Heap after GC invocations=1 (full 0):
 garbage-first heap   total 131072K, used 3720K [0x0000000081200000, 0x0000000100000000)
  region size 1024K, 2 young (2048K), 2 survivors (2048K)
 Metaspace       used 3779K, committed 3968K, reserved 1114112K
  class space    used 371K, committed 448K, reserved 1048576K
}
Event: 2.108 GC heap before
{Heap before GC invocations=1 (full 0):
 garbage-first heap   total 131072K, used 12936K [0x0000000081200000, 0x0000000100000000)
  region size 1024K, 11 young (11264K), 2 survivors (2048K)
 Metaspace       used 5367K, committed 5568K, reserved 1114112K
  class space    used 601K, committed 704K, reserved 1048576K
}
Event: 2.115 GC heap after
{Heap after GC invocations=2 (full 0):
 garbage-first heap   total 131072K, used 4469K [0x0000000081200000, 0x0000000100000000)
  region size 1024K, 1 young (1024K), 1 survivors (1024K)
 Metaspace       used 5367K, committed 5568K, reserved 1114112K
  class space    used 601K, committed 704K, reserved 1048576K
}
Event: 3.255 GC heap before
{Heap before GC invocations=2 (full 0):
 garbage-first heap   total 131072K, used 31093K [0x0000000081200000, 0x0000000100000000)
  region size 1024K, 28 young (28672K), 1 survivors (1024K)
 Metaspace       used 9522K, committed 9728K, reserved 1114112K
  class space    used 1119K, committed 1216K, reserved 1048576K
}
Event: 3.260 GC heap after
{Heap after GC invocations=3 (full 0):
 garbage-first heap   total 131072K, used 5802K [0x0000000081200000, 0x0000000100000000)
  region size 1024K, 2 young (2048K), 2 survivors (2048K)
 Metaspace       used 9522K, committed 9728K, reserved 1114112K
  class space    used 1119K, committed 1216K, reserved 1048576K
}
Event: 10.085 GC heap before
{Heap before GC invocations=3 (full 0):
 garbage-first heap   total 131072K, used 81578K [0x0000000081200000, 0x0000000100000000)
  region size 1024K, 76 young (77824K), 2 survivors (2048K)
 Metaspace       used 14041K, committed 14336K, reserved 1114112K
  class space    used 1527K, committed 1664K, reserved 1048576K
}
Event: 10.108 GC heap after
{Heap after GC invocations=4 (full 0):
 garbage-first heap   total 131072K, used 12667K [0x0000000081200000, 0x0000000100000000)
  region size 1024K, 9 young (9216K), 9 survivors (9216K)
 Metaspace       used 14041K, committed 14336K, reserved 1114112K
  class space    used 1527K, committed 1664K, reserved 1048576K
}
Event: 17.142 GC heap before
{Heap before GC invocations=4 (full 0):
 garbage-first heap   total 131072K, used 91515K [0x0000000081200000, 0x0000000100000000)
  region size 1024K, 54 young (55296K), 9 survivors (9216K)
 Metaspace       used 21212K, committed 21504K, reserved 1114112K
  class space    used 2337K, committed 2496K, reserved 1048576K
}
Event: 17.168 GC heap after
{Heap after GC invocations=5 (full 0):
 garbage-first heap   total 131072K, used 16449K [0x0000000081200000, 0x0000000100000000)
  region size 1024K, 4 young (4096K), 4 survivors (4096K)
 Metaspace       used 21212K, committed 21504K, reserved 1114112K
  class space    used 2337K, committed 2496K, reserved 1048576K
}
Event: 19.717 GC heap before
{Heap before GC invocations=6 (full 0):
 garbage-first heap   total 61440K, used 50241K [0x0000000081200000, 0x0000000100000000)
  region size 1024K, 36 young (36864K), 4 survivors (4096K)
 Metaspace       used 23511K, committed 23872K, reserved 1114112K
  class space    used 2582K, committed 2752K, reserved 1048576K
}
Event: 19.735 GC heap after
{Heap after GC invocations=7 (full 0):
 garbage-first heap   total 67584K, used 29249K [0x0000000081200000, 0x0000000100000000)
  region size 1024K, 5 young (5120K), 5 survivors (5120K)
 Metaspace       used 23511K, committed 23872K, reserved 1114112K
  class space    used 2582K, committed 2752K, reserved 1048576K
}
Event: 20.490 GC heap before
{Heap before GC invocations=7 (full 0):
 garbage-first heap   total 67584K, used 48705K [0x0000000081200000, 0x0000000100000000)
  region size 1024K, 24 young (24576K), 5 survivors (5120K)
 Metaspace       used 24299K, committed 24640K, reserved 1114112K
  class space    used 2657K, committed 2816K, reserved 1048576K
}
Event: 20.504 GC heap after
{Heap after GC invocations=8 (full 0):
 garbage-first heap   total 67584K, used 32833K [0x0000000081200000, 0x0000000100000000)
  region size 1024K, 3 young (3072K), 3 survivors (3072K)
 Metaspace       used 24299K, committed 24640K, reserved 1114112K
  class space    used 2657K, committed 2816K, reserved 1048576K
}
Event: 21.484 GC heap before
{Heap before GC invocations=8 (full 0):
 garbage-first heap   total 67584K, used 49217K [0x0000000081200000, 0x0000000100000000)
  region size 1024K, 20 young (20480K), 3 survivors (3072K)
 Metaspace       used 25316K, committed 25728K, reserved 1114112K
  class space    used 2772K, committed 2944K, reserved 1048576K
}
Event: 21.491 GC heap after
{Heap after GC invocations=9 (full 0):
 garbage-first heap   total 67584K, used 33998K [0x0000000081200000, 0x0000000100000000)
  region size 1024K, 1 young (1024K), 1 survivors (1024K)
 Metaspace       used 25316K, committed 25728K, reserved 1114112K
  class space    used 2772K, committed 2944K, reserved 1048576K
}
Event: 22.113 GC heap before
{Heap before GC invocations=10 (full 0):
 garbage-first heap   total 67584K, used 50382K [0x0000000081200000, 0x0000000100000000)
  region size 1024K, 18 young (18432K), 1 survivors (1024K)
 Metaspace       used 26325K, committed 26752K, reserved 1114112K
  class space    used 2899K, committed 3072K, reserved 1048576K
}
Event: 22.117 GC heap after
{Heap after GC invocations=11 (full 0):
 garbage-first heap   total 67584K, used 34356K [0x0000000081200000, 0x0000000100000000)
  region size 1024K, 1 young (1024K), 1 survivors (1024K)
 Metaspace       used 26325K, committed 26752K, reserved 1114112K
  class space    used 2899K, committed 3072K, reserved 1048576K
}
Event: 22.633 GC heap before
{Heap before GC invocations=11 (full 0):
 garbage-first heap   total 67584K, used 44596K [0x0000000081200000, 0x0000000100000000)
  region size 1024K, 12 young (12288K), 1 survivors (1024K)
 Metaspace       used 26866K, committed 27328K, reserved 1114112K
  class space    used 2954K, committed 3136K, reserved 1048576K
}
Event: 22.640 GC heap after
{Heap after GC invocations=12 (full 0):
 garbage-first heap   total 67584K, used 34665K [0x0000000081200000, 0x0000000100000000)
  region size 1024K, 2 young (2048K), 2 survivors (2048K)
 Metaspace       used 26866K, committed 27328K, reserved 1114112K
  class space    used 2954K, committed 3136K, reserved 1048576K
}
Event: 24.262 GC heap before
{Heap before GC invocations=13 (full 0):
 garbage-first heap   total 67584K, used 46953K [0x0000000081200000, 0x0000000100000000)
  region size 1024K, 15 young (15360K), 2 survivors (2048K)
 Metaspace       used 27933K, committed 28416K, reserved 1114112K
  class space    used 3072K, committed 3328K, reserved 1048576K
}

Deoptimization events (20 events):
Event: 23.288 Thread 0x00000212088128d0 DEOPT PACKING pc=0x0000021217e1d380 sp=0x000000589d3fc600
Event: 23.288 Thread 0x00000212088128d0 DEOPT UNPACKING pc=0x000002121019239d sp=0x000000589d3fc598 mode 2
Event: 23.288 Thread 0x00000212088128d0 Uncommon trap: trap_request=0xffffffd6 fr.pc=0x0000021217e1d380 relative=0x00000000000007c0
Event: 23.288 Thread 0x00000212088128d0 Uncommon trap: reason=array_check action=maybe_recompile pc=0x0000021217e1d380 method=java.util.TimSort.binarySort([Ljava/lang/Object;IIILjava/util/Comparator;)V @ 193 c2
Event: 23.288 Thread 0x00000212088128d0 DEOPT PACKING pc=0x0000021217e1d380 sp=0x000000589d3fc600
Event: 23.288 Thread 0x00000212088128d0 DEOPT UNPACKING pc=0x000002121019239d sp=0x000000589d3fc598 mode 2
Event: 23.317 Thread 0x00000212088128d0 Uncommon trap: trap_request=0xffffff45 fr.pc=0x0000021217ec2150 relative=0x0000000000000310
Event: 23.317 Thread 0x00000212088128d0 Uncommon trap: reason=unstable_if action=reinterpret pc=0x0000021217ec2150 method=com.sun.tools.javac.file.BaseFileManager.getKind(Ljava/lang/String;)Ljavax/tools/JavaFileObject$Kind; @ 27 c2
Event: 23.317 Thread 0x00000212088128d0 DEOPT PACKING pc=0x0000021217ec2150 sp=0x000000589d3fe1b0
Event: 23.317 Thread 0x00000212088128d0 DEOPT UNPACKING pc=0x000002121019239d sp=0x000000589d3fe158 mode 2
Event: 23.318 Thread 0x00000212088128d0 DEOPT PACKING pc=0x0000021210945cfe sp=0x000000589d3fd5f0
Event: 23.318 Thread 0x00000212088128d0 DEOPT UNPACKING pc=0x0000021210192b24 sp=0x000000589d3fcb50 mode 0
Event: 23.319 Thread 0x00000212088128d0 DEOPT PACKING pc=0x0000021210945cfe sp=0x000000589d3fd5f0
Event: 23.319 Thread 0x00000212088128d0 DEOPT UNPACKING pc=0x0000021210192b24 sp=0x000000589d3fcb50 mode 0
Event: 23.829 Thread 0x00000212088128d0 DEOPT PACKING pc=0x0000021210eff173 sp=0x000000589d3fd320
Event: 23.829 Thread 0x00000212088128d0 DEOPT UNPACKING pc=0x0000021210192b24 sp=0x000000589d3fc8a0 mode 0
Event: 23.873 Thread 0x00000212088128d0 Uncommon trap: trap_request=0xffffffcc fr.pc=0x0000021217f0b8ac relative=0x000000000000138c
Event: 23.873 Thread 0x00000212088128d0 Uncommon trap: reason=intrinsic_or_type_checked_inlining action=make_not_entrant pc=0x0000021217f0b8ac method=java.util.ArrayList.toArray([Ljava/lang/Object;)[Ljava/lang/Object; @ 36 c2
Event: 23.873 Thread 0x00000212088128d0 DEOPT PACKING pc=0x0000021217f0b8ac sp=0x000000589d3fd930
Event: 23.873 Thread 0x00000212088128d0 DEOPT UNPACKING pc=0x000002121019239d sp=0x000000589d3fd878 mode 2

Classes loaded (20 events):
Event: 22.524 Loading class java/util/stream/Nodes$ArrayNode done
Event: 22.524 Loading class java/util/stream/Nodes$FixedNodeBuilder done
Event: 22.703 Loading class java/util/function/ToIntBiFunction
Event: 22.717 Loading class java/util/function/ToIntBiFunction done
Event: 22.778 Loading class sun/nio/ch/ChannelOutputStream
Event: 22.782 Loading class sun/nio/ch/ChannelOutputStream done
Event: 22.960 Loading class java/util/EnumMap$EntrySet
Event: 22.970 Loading class java/util/EnumMap$EntrySet done
Event: 22.970 Loading class java/util/EnumMap$EntryIterator
Event: 22.970 Loading class java/util/EnumMap$EnumMapIterator
Event: 22.970 Loading class java/util/EnumMap$EnumMapIterator done
Event: 22.970 Loading class java/util/EnumMap$EntryIterator done
Event: 22.970 Loading class java/util/EnumMap$EntryIterator$Entry
Event: 22.970 Loading class java/util/EnumMap$EntryIterator$Entry done
Event: 23.182 Loading class java/util/EnumMap$Values
Event: 23.183 Loading class java/util/EnumMap$Values done
Event: 23.183 Loading class java/util/EnumMap$ValueIterator
Event: 23.183 Loading class java/util/EnumMap$ValueIterator done
Event: 23.188 Loading class java/util/WeakHashMap$KeyIterator
Event: 23.188 Loading class java/util/WeakHashMap$KeyIterator done

Classes unloaded (0 events):
No events

Classes redefined (0 events):
No events

Internal exceptions (20 events):
Event: 22.988 Thread 0x00000212088128d0 Exception <a 'sun/nio/fs/WindowsException'{0x00000000861b49c0}> (0x00000000861b49c0) 
thrown [t:\workspace\open\src\hotspot\share\prims\jni.cpp, line 516]
Event: 22.989 Thread 0x00000212088128d0 Exception <a 'sun/nio/fs/WindowsException'{0x00000000861cc900}> (0x00000000861cc900) 
thrown [t:\workspace\open\src\hotspot\share\prims\jni.cpp, line 516]
Event: 22.989 Thread 0x00000212088128d0 Exception <a 'sun/nio/fs/WindowsException'{0x00000000861ccbe8}> (0x00000000861ccbe8) 
thrown [t:\workspace\open\src\hotspot\share\prims\jni.cpp, line 516]
Event: 22.989 Thread 0x00000212088128d0 Exception <a 'sun/nio/fs/WindowsException'{0x00000000861ce5b8}> (0x00000000861ce5b8) 
thrown [t:\workspace\open\src\hotspot\share\prims\jni.cpp, line 516]
Event: 22.989 Thread 0x00000212088128d0 Exception <a 'sun/nio/fs/WindowsException'{0x00000000861ce928}> (0x00000000861ce928) 
thrown [t:\workspace\open\src\hotspot\share\prims\jni.cpp, line 516]
Event: 23.029 Thread 0x00000212088128d0 Exception <a 'sun/nio/fs/WindowsException'{0x000000008450d268}> (0x000000008450d268) 
thrown [t:\workspace\open\src\hotspot\share\prims\jni.cpp, line 516]
Event: 23.029 Thread 0x00000212088128d0 Exception <a 'sun/nio/fs/WindowsException'{0x000000008450d908}> (0x000000008450d908) 
thrown [t:\workspace\open\src\hotspot\share\prims\jni.cpp, line 516]
Event: 23.029 Thread 0x00000212088128d0 Exception <a 'sun/nio/fs/WindowsException'{0x000000008450e108}> (0x000000008450e108) 
thrown [t:\workspace\open\src\hotspot\share\prims\jni.cpp, line 516]
Event: 23.085 Thread 0x00000212088128d0 Exception <a 'sun/nio/fs/WindowsException'{0x0000000084592710}> (0x0000000084592710) 
thrown [t:\workspace\open\src\hotspot\share\prims\jni.cpp, line 516]
Event: 23.085 Thread 0x00000212088128d0 Exception <a 'sun/nio/fs/WindowsException'{0x0000000084592dc0}> (0x0000000084592dc0) 
thrown [t:\workspace\open\src\hotspot\share\prims\jni.cpp, line 516]
Event: 23.088 Thread 0x00000212088128d0 Exception <a 'sun/nio/fs/WindowsException'{0x0000000084593600}> (0x0000000084593600) 
thrown [t:\workspace\open\src\hotspot\share\prims\jni.cpp, line 516]
Event: 23.168 Thread 0x00000212088128d0 Exception <a 'sun/nio/fs/WindowsException'{0x00000000845cc678}> (0x00000000845cc678) 
thrown [t:\workspace\open\src\hotspot\share\prims\jni.cpp, line 516]
Event: 23.168 Thread 0x00000212088128d0 Exception <a 'sun/nio/fs/WindowsException'{0x00000000845ccd10}> (0x00000000845ccd10) 
thrown [t:\workspace\open\src\hotspot\share\prims\jni.cpp, line 516]
Event: 23.168 Thread 0x00000212088128d0 Exception <a 'sun/nio/fs/WindowsException'{0x00000000845cd4f0}> (0x00000000845cd4f0) 
thrown [t:\workspace\open\src\hotspot\share\prims\jni.cpp, line 516]
Event: 23.173 Thread 0x00000212088128d0 Exception <a 'sun/nio/fs/WindowsException'{0x00000000845d6260}> (0x00000000845d6260) 
thrown [t:\workspace\open\src\hotspot\share\prims\jni.cpp, line 516]
Event: 23.173 Thread 0x00000212088128d0 Exception <a 'sun/nio/fs/WindowsException'{0x00000000845d68f0}> (0x00000000845d68f0) 
thrown [t:\workspace\open\src\hotspot\share\prims\jni.cpp, line 516]
Event: 23.173 Thread 0x00000212088128d0 Exception <a 'sun/nio/fs/WindowsException'{0x00000000845d7080}> (0x00000000845d7080) 
thrown [t:\workspace\open\src\hotspot\share\prims\jni.cpp, line 516]
Event: 23.179 Thread 0x00000212088128d0 Exception <a 'sun/nio/fs/WindowsException'{0x00000000845e1e18}> (0x00000000845e1e18) 
thrown [t:\workspace\open\src\hotspot\share\prims\jni.cpp, line 516]
Event: 23.180 Thread 0x00000212088128d0 Exception <a 'sun/nio/fs/WindowsException'{0x00000000845e24a0}> (0x00000000845e24a0) 
thrown [t:\workspace\open\src\hotspot\share\prims\jni.cpp, line 516]
Event: 23.180 Thread 0x00000212088128d0 Exception <a 'sun/nio/fs/WindowsException'{0x00000000845e2c28}> (0x00000000845e2c28) 
thrown [t:\workspace\open\src\hotspot\share\prims\jni.cpp, line 516]

VM Operations (20 events):
Event: 22.389 Executing VM operation: ICBufferFull done
Event: 22.541 Executing VM operation: HandshakeAllThreads
Event: 22.541 Executing VM operation: HandshakeAllThreads done
Event: 22.633 Executing VM operation: G1TryInitiateConcMark
Event: 22.640 Executing VM operation: G1TryInitiateConcMark done
Event: 22.721 Executing VM operation: G1Concurrent
Event: 22.727 Executing VM operation: G1Concurrent done
Event: 22.752 Executing VM operation: HandshakeAllThreads
Event: 22.752 Executing VM operation: HandshakeAllThreads done
Event: 22.759 Executing VM operation: G1Concurrent
Event: 22.759 Executing VM operation: G1Concurrent done
Event: 22.788 Executing VM operation: HandshakeAllThreads
Event: 22.788 Executing VM operation: HandshakeAllThreads done
Event: 22.856 Executing VM operation: HandshakeAllThreads
Event: 22.856 Executing VM operation: HandshakeAllThreads done
Event: 23.035 Executing VM operation: ICBufferFull
Event: 23.035 Executing VM operation: ICBufferFull done
Event: 24.046 Executing VM operation: Cleanup
Event: 24.047 Executing VM operation: Cleanup done
Event: 24.262 Executing VM operation: G1TryInitiateConcMark

Events (20 events):
Event: 20.982 Thread 0x000002122614a980 flushing nmethod 0x000002121113ad90
Event: 20.982 Thread 0x000002122614a980 flushing nmethod 0x0000021211142110
Event: 20.982 Thread 0x000002122614a980 flushing nmethod 0x0000021211145910
Event: 20.982 Thread 0x000002122614a980 flushing nmethod 0x000002121114ce10
Event: 20.982 Thread 0x000002122614a980 flushing nmethod 0x000002121114e110
Event: 20.982 Thread 0x000002122614a980 flushing nmethod 0x000002121114ef90
Event: 20.982 Thread 0x000002122614a980 flushing nmethod 0x0000021211155690
Event: 20.982 Thread 0x000002122614a980 flushing nmethod 0x0000021211173310
Event: 20.982 Thread 0x000002122614a980 flushing nmethod 0x0000021211173d10
Event: 20.982 Thread 0x000002122614a980 flushing nmethod 0x0000021211188b10
Event: 20.982 Thread 0x000002122614a980 flushing nmethod 0x000002121118e310
Event: 20.982 Thread 0x000002122614a980 flushing nmethod 0x0000021211191610
Event: 20.982 Thread 0x000002122614a980 flushing nmethod 0x0000021211193e10
Event: 20.982 Thread 0x000002122614a980 flushing nmethod 0x0000021211194d10
Event: 20.982 Thread 0x000002122614a980 flushing nmethod 0x0000021211195090
Event: 20.982 Thread 0x000002122614a980 flushing nmethod 0x000002121119b410
Event: 20.982 Thread 0x000002122614a980 flushing nmethod 0x00000212111ad990
Event: 20.983 Thread 0x000002122614a980 flushing nmethod 0x0000021211212f90
Event: 21.841 Thread 0x000002122a4e1c40 Thread added: 0x000002122a4e1c40
Event: 24.224 Thread 0x000002122a4e1c40 Thread exited: 0x000002122a4e1c40


Dynamic libraries:
0x00007ff6aa580000 - 0x00007ff6aa590000 	C:\Program Files\Java\jdk-18\bin\java.exe
0x00007ffd66a70000 - 0x00007ffd66c68000 	C:\WINDOWS\SYSTEM32\ntdll.dll
0x00007ffd64bb0000 - 0x00007ffd64c6f000 	C:\WINDOWS\System32\KERNEL32.DLL
0x00007ffd644c0000 - 0x00007ffd64792000 	C:\WINDOWS\System32\KERNELBASE.dll
0x00007ffd649b0000 - 0x00007ffd64ab0000 	C:\WINDOWS\System32\ucrtbase.dll
0x00007ffd5d410000 - 0x00007ffd5d42a000 	C:\Program Files\Java\jdk-18\bin\VCRUNTIME140.dll
0x00007ffd5ee20000 - 0x00007ffd5ee38000 	C:\Program Files\Java\jdk-18\bin\jli.dll
0x00007ffd65140000 - 0x00007ffd651ee000 	C:\WINDOWS\System32\ADVAPI32.dll
0x00007ffd65fb0000 - 0x00007ffd6604e000 	C:\WINDOWS\System32\msvcrt.dll
0x00007ffd66910000 - 0x00007ffd669ac000 	C:\WINDOWS\System32\sechost.dll
0x00007ffd65590000 - 0x00007ffd656b5000 	C:\WINDOWS\System32\RPCRT4.dll
0x00007ffd65d40000 - 0x00007ffd65ee1000 	C:\WINDOWS\System32\USER32.dll
0x00007ffd4d340000 - 0x00007ffd4d5da000 	C:\WINDOWS\WinSxS\amd64_microsoft.windows.common-controls_6595b64144ccf1df_6.0.19041.1110_none_60b5254171f9507e\COMCTL32.dll
0x00007ffd64310000 - 0x00007ffd64332000 	C:\WINDOWS\System32\win32u.dll
0x00007ffd66050000 - 0x00007ffd6607b000 	C:\WINDOWS\System32\GDI32.dll
0x00007ffd64830000 - 0x00007ffd6493f000 	C:\WINDOWS\System32\gdi32full.dll
0x00007ffd643f0000 - 0x00007ffd6448d000 	C:\WINDOWS\System32\msvcp_win.dll
0x00007ffd52a10000 - 0x00007ffd52a1a000 	C:\WINDOWS\SYSTEM32\VERSION.dll
0x00007ffd64c70000 - 0x00007ffd64ca2000 	C:\WINDOWS\System32\IMM32.DLL
0x00007ffd5f940000 - 0x00007ffd5f94c000 	C:\Program Files\Java\jdk-18\bin\vcruntime140_1.dll
0x00007ffd5d380000 - 0x00007ffd5d40d000 	C:\Program Files\Java\jdk-18\bin\msvcp140.dll
0x00007ffd19510000 - 0x00007ffd1a121000 	C:\Program Files\Java\jdk-18\bin\server\jvm.dll
0x00007ffd64ab0000 - 0x00007ffd64ab8000 	C:\WINDOWS\System32\PSAPI.DLL
0x00007ffd57e50000 - 0x00007ffd57e77000 	C:\WINDOWS\SYSTEM32\WINMM.dll
0x00007ffd5d230000 - 0x00007ffd5d239000 	C:\WINDOWS\SYSTEM32\WSOCK32.dll
0x00007ffd66080000 - 0x00007ffd660eb000 	C:\WINDOWS\System32\WS2_32.dll
0x00007ffd621c0000 - 0x00007ffd621d2000 	C:\WINDOWS\SYSTEM32\kernel.appcore.dll
0x00007ffd5ee10000 - 0x00007ffd5ee1a000 	C:\Program Files\Java\jdk-18\bin\jimage.dll
0x00007ffd4e3b0000 - 0x00007ffd4e594000 	C:\WINDOWS\SYSTEM32\DBGHELP.DLL
0x00007ffd4e370000 - 0x00007ffd4e3a5000 	C:\WINDOWS\SYSTEM32\dbgcore.DLL
0x00007ffd647a0000 - 0x00007ffd64822000 	C:\WINDOWS\System32\bcryptPrimitives.dll
0x00007ffd54640000 - 0x00007ffd5464e000 	C:\Program Files\Java\jdk-18\bin\instrument.dll
0x00007ffd5d350000 - 0x00007ffd5d375000 	C:\Program Files\Java\jdk-18\bin\java.dll
0x00007ffd5c780000 - 0x00007ffd5c856000 	C:\Program Files\Java\jdk-18\bin\jsvml.dll
0x00007ffd660f0000 - 0x00007ffd66834000 	C:\WINDOWS\System32\SHELL32.dll
0x00007ffd621e0000 - 0x00007ffd62972000 	C:\WINDOWS\SYSTEM32\windows.storage.dll
0x00007ffd64cc0000 - 0x00007ffd65015000 	C:\WINDOWS\System32\combase.dll
0x00007ffd63ae0000 - 0x00007ffd63b10000 	C:\WINDOWS\SYSTEM32\Wldp.dll
0x00007ffd65ef0000 - 0x00007ffd65f9d000 	C:\WINDOWS\System32\SHCORE.dll
0x00007ffd64ac0000 - 0x00007ffd64b15000 	C:\WINDOWS\System32\shlwapi.dll
0x00007ffd640a0000 - 0x00007ffd640bf000 	C:\WINDOWS\SYSTEM32\profapi.dll
0x00007ffd59230000 - 0x00007ffd59248000 	C:\Program Files\Java\jdk-18\bin\zip.dll
0x00007ffd5c8a0000 - 0x00007ffd5c8b3000 	C:\Program Files\Java\jdk-18\bin\net.dll
0x00007ffd590b0000 - 0x00007ffd591bc000 	C:\WINDOWS\SYSTEM32\WINHTTP.dll
0x00007ffd638c0000 - 0x00007ffd6392a000 	C:\WINDOWS\system32\mswsock.dll
0x00007ffd59250000 - 0x00007ffd59266000 	C:\Program Files\Java\jdk-18\bin\nio.dll
0x00007ffd54150000 - 0x00007ffd5416a000 	C:\Program Files\JetBrains\IntelliJ IDEA 2021.1.3\bin\breakgen64.dll
0x0000000069ac0000 - 0x0000000069ae4000 	C:\Users\TESSI Hardson\AppData\Local\Temp\jansi-2.4.0-fbdd27289daed59c-jansi.dll
0x00007ffd5d340000 - 0x00007ffd5d350000 	C:\Program Files\Java\jdk-18\bin\verify.dll

dbghelp: loaded successfully - version: 4.0.5 - missing functions: none
symbol engine: initialized successfully - sym options: 0x614 - pdb path: .;C:\Program Files\Java\jdk-18\bin;C:\WINDOWS\SYSTEM32;C:\WINDOWS\WinSxS\amd64_microsoft.windows.common-controls_6595b64144ccf1df_6.0.19041.1110_none_60b5254171f9507e;C:\Program Files\Java\jdk-18\bin\server;C:\Program Files\JetBrains\IntelliJ IDEA 2021.1.3\bin;C:\Users\TESSI Hardson\AppData\Local\Temp

VM Arguments:
jvm_args: -Dmaven.multiModuleProjectDirectory=D:\Web\FullStack\files-api -Djansi.passthrough=true -Dmaven.home=C:\Users\TESSI Hardson\.m2\wrapper\dists\apache-maven-3.8.6-bin\1ks0nkde5v1pk9vtc31i9d0lcd\apache-maven-3.8.6 -Dclassworlds.conf=C:\Users\TESSI Hardson\.m2\wrapper\dists\apache-maven-3.8.6-bin\1ks0nkde5v1pk9vtc31i9d0lcd\apache-maven-3.8.6\bin\m2.conf -Dmaven.ext.class.path=C:\Program Files\JetBrains\IntelliJ IDEA 2021.1.3\plugins\maven\lib\maven-event-listener.jar -javaagent:C:\Program Files\JetBrains\IntelliJ IDEA 2021.1.3\lib\idea_rt.jar=51362:C:\Program Files\JetBrains\IntelliJ IDEA 2021.1.3\bin -Dfile.encoding=UTF-8 -Dsun.stdout.encoding=UTF-8 -Dsun.stderr.encoding=UTF-8 
java_command: org.codehaus.classworlds.Launcher -Didea.version=2022.3.1 package
java_class_path (initial): C:\Users\TESSI Hardson\.m2\wrapper\dists\apache-maven-3.8.6-bin\1ks0nkde5v1pk9vtc31i9d0lcd\apache-maven-3.8.6\boot\plexus-classworlds-2.6.0.jar;C:\Users\TESSI Hardson\.m2\wrapper\dists\apache-maven-3.8.6-bin\1ks0nkde5v1pk9vtc31i9d0lcd\apache-maven-3.8.6\boot\plexus-classworlds.license
Launcher Type: SUN_STANDARD

[Global flags]
     intx CICompilerCount                          = 3                                         {product} {ergonomic}
     uint ConcGCThreads                            = 1                                         {product} {ergonomic}
     uint G1ConcRefinementThreads                  = 4                                         {product} {ergonomic}
   size_t G1HeapRegionSize                         = 1048576                                   {product} {ergonomic}
    uintx GCDrainStackTargetSize                   = 64                                        {product} {ergonomic}
   size_t InitialHeapSize                          = 134217728                                 {product} {ergonomic}
   size_t MarkStackSize                            = 4194304                                   {product} {ergonomic}
   size_t MaxHeapSize                              = 2128609280                                {product} {ergonomic}
   size_t MaxNewSize                               = 1277165568                                {product} {ergonomic}
   size_t MinHeapDeltaBytes                        = 1048576                                   {product} {ergonomic}
   size_t MinHeapSize                              = 8388608                                   {product} {ergonomic}
    uintx NonNMethodCodeHeapSize                   = 5832780                                {pd product} {ergonomic}
    uintx NonProfiledCodeHeapSize                  = 122912730                              {pd product} {ergonomic}
    uintx ProfiledCodeHeapSize                     = 122912730                              {pd product} {ergonomic}
    uintx ReservedCodeCacheSize                    = 251658240                              {pd product} {ergonomic}
     bool SegmentedCodeCache                       = true                                      {product} {ergonomic}
   size_t SoftMaxHeapSize                          = 2128609280                             {manageable} {ergonomic}
     bool UseCompressedClassPointers               = true                           {product lp64_product} {ergonomic}
     bool UseCompressedOops                        = true                           {product lp64_product} {ergonomic}
     bool UseG1GC                                  = true                                      {product} {ergonomic}
     bool UseLargePagesIndividualAllocation        = false                                  {pd product} {ergonomic}

Logging:
Log output configuration:
 #0: stdout all=warning uptime,level,tags foldmultilines=false
 #1: stderr all=off uptime,level,tags foldmultilines=false

Environment Variables:
JAVA_HOME=C:\Program Files\Java\jdk-18
PATH=C:\Program Files\Common Files\Oracle\Java\javapath;C:\WINDOWS\system32;C:\WINDOWS;C:\WINDOWS\System32\Wbem;C:\WINDOWS\System32\WindowsPowerShell\v1.0\;C:\WINDOWS\System32\OpenSSH\;C:\Program Files\Git\cmd;C:\Program Files\nodejs\;C:\Program Files\Docker\Docker\resources\bin;C:\ProgramData\DockerDesktop\version-bin;C:\Users\TESSI Hardson\AppData\Local\Microsoft\WindowsApps;C:\Program Files\JetBrains\IntelliJ IDEA 2021.1.3\bin;;C:\Users\TESSI Hardson\AppData\Local\Programs\Microsoft VS Code\bin;C:\flutter\bin;C:\Users\TESSI Hardson\AppData\Roaming\npm;C:\Users\TESSI Hardson\.m2\wrapper\dists\apache-maven-3.6.3-bin\1iopthnavndlasol9gbrbg6bf2\apache-maven-3.6.3\bin;
USERNAME=TESSI Hardson
OS=Windows_NT
PROCESSOR_IDENTIFIER=Intel64 Family 6 Model 37 Stepping 5, GenuineIntel



---------------  S Y S T E M  ---------------

OS:
 Windows 10 , 64 bit Build 19041 (10.0.19041.2364)
OS uptime: 0 days 15:43 hours
Hyper-V role detected

CPU: total 4 (initial active 4) (2 cores per cpu, 2 threads per core) family 6 model 37 stepping 5 microcode 0x7, cx8, cmov, fxsr, ht, mmx, sse, sse2, sse3, ssse3, sse4.1, sse4.2, popcnt, tsc, tscinvbit, aes, clmul, clflush, hv

Memory: 4k page, system-wide physical 8117M (702M free)
TotalPageFile size 14183M (AvailPageFile size 2125M)
current process WorkingSet (physical memory assigned to process): 177M, peak: 212M
current process commit charge ("private bytes"): 201M, peak: 249M

vm_info: Java HotSpot(TM) 64-Bit Server VM (18+36-2087) for windows-amd64 JRE (18+36-2087), built on Feb 15 2022 09:43:11 by "mach5one" with MS VC++ 16.8 / 16.9 (VS2019)

END.
